{"F:\\Playground\\tsds\\src\\errors.enum.ts": {"path":"F:\\Playground\\tsds\\src\\errors.enum.ts","statementMap":{"0":{"start":{"line":1,"column":0},"end":{"line":1,"column":null}},"1":{"start":{"line":2,"column":2},"end":{"line":2,"column":null}},"2":{"start":{"line":3,"column":2},"end":{"line":3,"column":null}}},"fnMap":{"0":{"name":"(anonymous_0)","decl":{"start":{"line":1,"column":0},"end":{"line":1,"column":12}},"loc":{"start":{"line":1,"column":18},"end":{"line":4,"column":1}}}},"branchMap":{"0":{"loc":{"start":{"line":1,"column":12},"end":{"line":1,"column":null}},"type":"binary-expr","locations":[{"start":{"line":1,"column":12},"end":{"line":1,"column":18}},{"start":{"line":1,"column":12},"end":{"line":1,"column":null}}]}},"s":{"0":1,"1":1,"2":1},"f":{"0":1},"b":{"0":[1,1]}}
,"F:\\Playground\\tsds\\src\\linked-list\\linked-list-node.ts": {"path":"F:\\Playground\\tsds\\src\\linked-list\\linked-list-node.ts","statementMap":{"0":{"start":{"line":7,"column":4},"end":{"line":7,"column":23}},"1":{"start":{"line":8,"column":4},"end":{"line":8,"column":21}},"2":{"start":{"line":9,"column":4},"end":{"line":9,"column":21}},"3":{"start":{"line":1,"column":0},"end":{"line":1,"column":13}}},"fnMap":{"0":{"name":"(anonymous_0)","decl":{"start":{"line":6,"column":2},"end":{"line":6,"column":14}},"loc":{"start":{"line":6,"column":86},"end":{"line":10,"column":3}}}},"branchMap":{"0":{"loc":{"start":{"line":6,"column":24},"end":{"line":6,"column":54}},"type":"default-arg","locations":[{"start":{"line":6,"column":50},"end":{"line":6,"column":54}}]},"1":{"loc":{"start":{"line":6,"column":56},"end":{"line":6,"column":86}},"type":"default-arg","locations":[{"start":{"line":6,"column":82},"end":{"line":6,"column":86}}]}},"s":{"0":8,"1":8,"2":8,"3":1},"f":{"0":8},"b":{"0":[8],"1":[8]}}
,"F:\\Playground\\tsds\\src\\linked-list\\linked-list.ts": {"path":"F:\\Playground\\tsds\\src\\linked-list\\linked-list.ts","statementMap":{"0":{"start":{"line":1,"column":0},"end":{"line":1,"column":40}},"1":{"start":{"line":2,"column":0},"end":{"line":2,"column":52}},"2":{"start":{"line":3,"column":0},"end":{"line":3,"column":47}},"3":{"start":{"line":11,"column":4},"end":{"line":11,"column":21}},"4":{"start":{"line":12,"column":4},"end":{"line":12,"column":21}},"5":{"start":{"line":13,"column":4},"end":{"line":13,"column":20}},"6":{"start":{"line":21,"column":17},"end":{"line":21,"column":42}},"7":{"start":{"line":23,"column":4},"end":{"line":30,"column":null}},"8":{"start":{"line":24,"column":6},"end":{"line":24,"column":23}},"9":{"start":{"line":25,"column":6},"end":{"line":25,"column":23}},"10":{"start":{"line":27,"column":6},"end":{"line":27,"column":28}},"11":{"start":{"line":28,"column":6},"end":{"line":28,"column":28}},"12":{"start":{"line":29,"column":6},"end":{"line":29,"column":23}},"13":{"start":{"line":31,"column":4},"end":{"line":31,"column":18}},"14":{"start":{"line":40,"column":18},"end":{"line":40,"column":27}},"15":{"start":{"line":42,"column":4},"end":{"line":47,"column":null}},"16":{"start":{"line":43,"column":6},"end":{"line":45,"column":null}},"17":{"start":{"line":44,"column":8},"end":{"line":44,"column":23}},"18":{"start":{"line":46,"column":6},"end":{"line":46,"column":29}},"19":{"start":{"line":72,"column":4},"end":{"line":74,"column":null}},"20":{"start":{"line":73,"column":6},"end":{"line":73,"column":48}},"21":{"start":{"line":75,"column":29},"end":{"line":75,"column":54}},"22":{"start":{"line":77,"column":4},"end":{"line":94,"column":null}},"23":{"start":{"line":79,"column":8},"end":{"line":79,"column":42}},"24":{"start":{"line":80,"column":8},"end":{"line":80,"column":37}},"25":{"start":{"line":81,"column":8},"end":{"line":81,"column":37}},"26":{"start":{"line":82,"column":8},"end":{"line":82,"column":22}},"27":{"start":{"line":83,"column":8},"end":{"line":83,"column":32}},"28":{"start":{"line":86,"column":8},"end":{"line":86,"column":42}},"29":{"start":{"line":87,"column":8},"end":{"line":87,"column":37}},"30":{"start":{"line":88,"column":8},"end":{"line":88,"column":37}},"31":{"start":{"line":89,"column":8},"end":{"line":89,"column":22}},"32":{"start":{"line":90,"column":8},"end":{"line":90,"column":32}},"33":{"start":{"line":93,"column":8},"end":{"line":93,"column":54}},"34":{"start":{"line":5,"column":0},"end":{"line":5,"column":13}}},"fnMap":{"0":{"name":"(anonymous_0)","decl":{"start":{"line":10,"column":2},"end":{"line":10,"column":null}},"loc":{"start":{"line":10,"column":2},"end":{"line":14,"column":3}}},"1":{"name":"(anonymous_1)","decl":{"start":{"line":20,"column":2},"end":{"line":20,"column":9}},"loc":{"start":{"line":20,"column":18},"end":{"line":32,"column":3}}},"2":{"name":"(anonymous_2)","decl":{"start":{"line":39,"column":2},"end":{"line":39,"column":9}},"loc":{"start":{"line":39,"column":18},"end":{"line":48,"column":3}}},"3":{"name":"(anonymous_3)","decl":{"start":{"line":71,"column":2},"end":{"line":71,"column":12}},"loc":{"start":{"line":71,"column":70},"end":{"line":95,"column":3}}}},"branchMap":{"0":{"loc":{"start":{"line":23,"column":4},"end":{"line":30,"column":null}},"type":"if","locations":[{"start":{"line":23,"column":4},"end":{"line":30,"column":null}},{"start":{"line":26,"column":11},"end":{"line":30,"column":null}}]},"1":{"loc":{"start":{"line":43,"column":6},"end":{"line":45,"column":null}},"type":"if","locations":[{"start":{"line":43,"column":6},"end":{"line":45,"column":null}}]},"2":{"loc":{"start":{"line":72,"column":4},"end":{"line":74,"column":null}},"type":"if","locations":[{"start":{"line":72,"column":4},"end":{"line":74,"column":null}}]},"3":{"loc":{"start":{"line":77,"column":4},"end":{"line":94,"column":null}},"type":"switch","locations":[{"start":{"line":78,"column":6},"end":{"line":83,"column":32}},{"start":{"line":85,"column":6},"end":{"line":90,"column":32}},{"start":{"line":92,"column":6},"end":{"line":93,"column":54}}]}},"s":{"0":1,"1":1,"2":1,"3":3,"4":3,"5":3,"6":5,"7":5,"8":3,"9":3,"10":2,"11":2,"12":2,"13":5,"14":4,"15":4,"16":5,"17":4,"18":1,"19":4,"20":1,"21":3,"22":3,"23":1,"24":1,"25":1,"26":1,"27":1,"28":1,"29":1,"30":1,"31":1,"32":1,"33":1,"34":1},"f":{"0":3,"1":5,"2":4,"3":4},"b":{"0":[3,2],"1":[4],"2":[1],"3":[1,1,1]}}
,"F:\\Playground\\tsds\\src\\linked-list\\node-position.ts": {"path":"F:\\Playground\\tsds\\src\\linked-list\\node-position.ts","statementMap":{"0":{"start":{"line":1,"column":0},"end":{"line":1,"column":null}},"1":{"start":{"line":2,"column":2},"end":{"line":2,"column":null}},"2":{"start":{"line":3,"column":2},"end":{"line":3,"column":null}}},"fnMap":{"0":{"name":"(anonymous_0)","decl":{"start":{"line":1,"column":0},"end":{"line":1,"column":12}},"loc":{"start":{"line":1,"column":24},"end":{"line":4,"column":1}}}},"branchMap":{"0":{"loc":{"start":{"line":1,"column":12},"end":{"line":1,"column":null}},"type":"binary-expr","locations":[{"start":{"line":1,"column":12},"end":{"line":1,"column":24}},{"start":{"line":1,"column":12},"end":{"line":1,"column":null}}]}},"s":{"0":1,"1":1,"2":1},"f":{"0":1},"b":{"0":[1,1]}}
}
