TN:
SF:src\errors.enum.ts
FN:1,(anonymous_0)
FNF:1
FNH:1
FNDA:1,(anonymous_0)
DA:1,1
DA:2,1
DA:3,1
LF:3
LH:3
BRDA:1,0,0,1
BRDA:1,0,1,1
BRF:2
BRH:2
end_of_record
TN:
SF:src\linked-list\linked-list-node.ts
FN:6,(anonymous_0)
FNF:1
FNH:1
FNDA:8,(anonymous_0)
DA:1,1
DA:7,8
DA:8,8
DA:9,8
LF:4
LH:4
BRDA:6,0,0,8
BRDA:6,1,0,8
BRF:2
BRH:2
end_of_record
TN:
SF:src\linked-list\linked-list.ts
FN:10,(anonymous_0)
FN:20,(anonymous_1)
FN:39,(anonymous_2)
FN:71,(anonymous_3)
FNF:4
FNH:4
FNDA:3,(anonymous_0)
FNDA:5,(anonymous_1)
FNDA:4,(anonymous_2)
FNDA:4,(anonymous_3)
DA:1,1
DA:2,1
DA:3,1
DA:5,1
DA:11,3
DA:12,3
DA:13,3
DA:21,5
DA:23,5
DA:24,3
DA:25,3
DA:27,2
DA:28,2
DA:29,2
DA:31,5
DA:40,4
DA:42,4
DA:43,5
DA:44,4
DA:46,1
DA:72,4
DA:73,1
DA:75,3
DA:77,3
DA:79,1
DA:80,1
DA:81,1
DA:82,1
DA:83,1
DA:86,1
DA:87,1
DA:88,1
DA:89,1
DA:90,1
DA:93,1
LF:35
LH:35
BRDA:23,0,0,3
BRDA:23,0,1,2
BRDA:43,1,0,4
BRDA:72,2,0,1
BRDA:77,3,0,1
BRDA:77,3,1,1
BRDA:77,3,2,1
BRF:7
BRH:7
end_of_record
TN:
SF:src\linked-list\node-position.ts
FN:1,(anonymous_0)
FNF:1
FNH:1
FNDA:1,(anonymous_0)
DA:1,1
DA:2,1
DA:3,1
LF:3
LH:3
BRDA:1,0,0,1
BRDA:1,0,1,1
BRF:2
BRH:2
end_of_record
